<?xml version="1.0" encoding="UTF-8"?>
<testng-results ignored="0" total="1" passed="1" failed="0" skipped="0">
  <reporter-output>
  </reporter-output>
  <suite started-at="2025-01-29T00:08:22 IST" name="Default suite" finished-at="2025-01-29T00:08:36 IST" duration-ms="14478">
    <groups>
    </groups>
    <test started-at="2025-01-29T00:08:22 IST" name="Default test" finished-at="2025-01-29T00:08:36 IST" duration-ms="14478">
      <class name="Resume_Update.Naukari_ResumeUpdate">
        <test-method is-config="true" signature="setUp()[pri:0, instance:Resume_Update.Naukari_ResumeUpdate@18317edc]" started-at="2025-01-29T00:08:22 IST" name="setUp" finished-at="2025-01-29T00:08:27 IST" duration-ms="5065" status="PASS">
          <reporter-output>
          </reporter-output>
        </test-method> <!-- setUp -->
        <test-method signature="testNaukriProfileUpdate()[pri:0, instance:Resume_Update.Naukari_ResumeUpdate@18317edc]" started-at="2025-01-29T00:08:27 IST" name="testNaukriProfileUpdate" finished-at="2025-01-29T00:08:36 IST" duration-ms="8496" status="PASS">
          <reporter-output>
          </reporter-output>
        </test-method> <!-- testNaukriProfileUpdate -->
        <test-method is-config="true" signature="tearDown()[pri:0, instance:Resume_Update.Naukari_ResumeUpdate@18317edc]" started-at="2025-01-29T00:08:36 IST" name="tearDown" finished-at="2025-01-29T00:08:36 IST" duration-ms="814" status="PASS">
          <reporter-output>
          </reporter-output>
        </test-method> <!-- tearDown -->
      </class> <!-- Resume_Update.Naukari_ResumeUpdate -->
    </test> <!-- Default test -->
  </suite> <!-- Default suite -->
</testng-results>
